\BOOKMARK [1][-]{section.1}{\376\377\000T\036\324\000N\000G\000\040\000Q\000U\000A\000N\000\040\000D\036\360\000\040\000\301\000N}{}% 1
\BOOKMARK [2][-]{subsection.1.1}{\376\377\000G\000i\036\333\000i\000\040\000t\000h\000i\036\307\000u}{section.1}% 2
\BOOKMARK [3][-]{subsubsection.1.1.1}{\376\377\000B\036\321\000i\000\040\000c\036\243\000n\000h\000\040\000p\000h\000\341\000t\000\040\000t\000r\000i\036\303\000n}{subsection.1.1}% 3
\BOOKMARK [3][-]{subsubsection.1.1.2}{\376\377\000G\000i\036\243\000i\000\040\000p\000h\000\341\000p\000\040\001\021\036\301\000\040\000x\000u\036\245\000t}{subsection.1.1}% 4
\BOOKMARK [2][-]{subsection.1.2}{\376\377\000M\036\345\000c\000\040\000t\000i\000\352\000u\000\040\000d\036\361\000\040\000\341\000n}{section.1}% 5
\BOOKMARK [3][-]{subsubsection.1.2.1}{\376\377\000M\036\345\000c\000\040\000t\000i\000\352\000u\000\040\000c\000h\000\355\000n\000h}{subsection.1.2}% 6
\BOOKMARK [3][-]{subsubsection.1.2.2}{\376\377\000M\036\345\000c\000\040\000t\000i\000\352\000u\000\040\000k\036\371\000\040\000t\000h\000u\036\255\000t}{subsection.1.2}% 7
\BOOKMARK [3][-]{subsubsection.1.2.3}{\376\377\000M\036\345\000c\000\040\000t\000i\000\352\000u\000\040\000k\000i\000n\000h\000\040\000d\000o\000a\000n\000h}{subsection.1.2}% 8
\BOOKMARK [2][-]{subsection.1.3}{\376\377\000P\000h\036\241\000m\000\040\000v\000i\000\040\000d\036\361\000\040\000\341\000n}{section.1}% 9
\BOOKMARK [3][-]{subsubsection.1.3.1}{\376\377\000C\000h\036\351\000c\000\040\000n\001\003\000n\000g\000\040\001\021\001\260\036\343\000c\000\040\000t\000r\000i\036\303\000n\000\040\000k\000h\000a\000i}{subsection.1.3}% 10
\BOOKMARK [3][-]{subsubsection.1.3.2}{\376\377\000P\000h\036\241\000m\000\040\000v\000i\000\040\000k\036\371\000\040\000t\000h\000u\036\255\000t}{subsection.1.3}% 11
\BOOKMARK [3][-]{subsubsection.1.3.3}{\376\377\000G\000i\036\333\000i\000\040\000h\036\241\000n\000\040\000p\000h\036\241\000m\000\040\000v\000i}{subsection.1.3}% 12
\BOOKMARK [1][-]{section.2}{\376\377\000P\000H\000\302\000N\000\040\000T\000\315\000C\000H\000\040\000H\036\306\000\040\000T\000H\036\320\000N\000G}{}% 13
\BOOKMARK [2][-]{subsection.2.1}{\376\377\000U\000s\000e\000\040\000C\000a\000s\000e\000\040\000D\000i\000a\000g\000r\000a\000m}{section.2}% 14
\BOOKMARK [3][-]{subsubsection.2.1.1}{\376\377\000M\000\364\000\040\000t\036\243\000\040\000c\000\341\000c\000\040\000A\000c\000t\000o\000r}{subsection.2.1}% 15
\BOOKMARK [3][-]{subsubsection.2.1.2}{\376\377\000N\000h\000\363\000m\000\040\000c\000h\036\351\000c\000\040\000n\001\003\000n\000g\000\040\000c\000h\000\355\000n\000h}{subsection.2.1}% 16
\BOOKMARK [2][-]{subsection.2.2}{\376\377\000E\000n\000t\000i\000t\000y\000\040\000R\000e\000l\000a\000t\000i\000o\000n\000s\000h\000i\000p\000\040\000D\000i\000a\000g\000r\000a\000m\000\040\000\050\000E\000R\000D\000\051}{section.2}% 17
\BOOKMARK [3][-]{subsubsection.2.2.1}{\376\377\000D\000a\000t\000a\000b\000a\000s\000e\000:\000\040\000m\000a\000s\000t\000e\000r\000\137\000s\000p\000e\000c\000s\000\137\000d\000b}{subsection.2.2}% 18
\BOOKMARK [3][-]{subsubsection.2.2.2}{\376\377\000D\000a\000t\000a\000b\000a\000s\000e\000:\000\040\000o\000r\000d\000e\000r\000s\000\137\000d\000b}{subsection.2.2}% 19
\BOOKMARK [3][-]{subsubsection.2.2.3}{\376\377\000D\000a\000t\000a\000b\000a\000s\000e\000:\000\040\000s\000u\000p\000p\000l\000i\000e\000r\000s\000\137\000d\000b}{subsection.2.2}% 20
\BOOKMARK [1][-]{section.3}{\376\377\000K\000I\036\276\000N\000\040\000T\000R\000\332\000C\000\040\000H\036\306\000\040\000T\000H\036\320\000N\000G}{}% 21
\BOOKMARK [2][-]{subsection.3.1}{\376\377\000K\000i\036\277\000n\000\040\000t\000r\000\372\000c\000\040\000t\036\325\000n\000g\000\040\000t\000h\036\303}{section.3}% 22
\BOOKMARK [3][-]{subsubsection.3.1.1}{\376\377\000P\000r\000e\000s\000e\000n\000t\000a\000t\000i\000o\000n\000\040\000L\000a\000y\000e\000r\000\040\000\050\000T\036\247\000n\000g\000\040\000g\000i\000a\000o\000\040\000d\000i\036\307\000n\000\051}{subsection.3.1}% 23
\BOOKMARK [3][-]{subsubsection.3.1.2}{\376\377\000A\000p\000p\000l\000i\000c\000a\000t\000i\000o\000n\000\040\000L\000a\000y\000e\000r\000\040\000\050\000T\036\247\000n\000g\000\040\036\351\000n\000g\000\040\000d\036\345\000n\000g\000\051}{subsection.3.1}% 24
\BOOKMARK [3][-]{subsubsection.3.1.3}{\376\377\000D\000a\000t\000a\000\040\000L\000a\000y\000e\000r\000\040\000\050\000T\036\247\000n\000g\000\040\000d\036\357\000\040\000l\000i\036\307\000u\000\051}{subsection.3.1}% 25
\BOOKMARK [2][-]{subsection.3.2}{\376\377\000C\000\364\000n\000g\000\040\000n\000g\000h\036\307\000\040\000s\036\355\000\040\000d\036\345\000n\000g}{section.3}% 26
\BOOKMARK [3][-]{subsubsection.3.2.1}{\376\377\000B\000a\000c\000k\000e\000n\000d\000\040\000T\000e\000c\000h\000n\000o\000l\000o\000g\000i\000e\000s}{subsection.3.2}% 27
\BOOKMARK [3][-]{subsubsection.3.2.2}{\376\377\000D\000a\000t\000a\000b\000a\000s\000e\000\040\000T\000e\000c\000h\000n\000o\000l\000o\000g\000i\000e\000s}{subsection.3.2}% 28
\BOOKMARK [3][-]{subsubsection.3.2.3}{\376\377\000F\000r\000o\000n\000t\000e\000n\000d\000\040\000T\000e\000c\000h\000n\000o\000l\000o\000g\000i\000e\000s}{subsection.3.2}% 29
\BOOKMARK [2][-]{subsection.3.3}{\376\377\000C\036\245\000u\000\040\000t\000r\000\372\000c\000\040\000t\000h\001\260\000\040\000m\036\345\000c}{section.3}% 30
\BOOKMARK [1][-]{section.4}{\376\377\000C\036\244\000U\000\040\000T\000R\000\332\000C\000\040\000C\001\240\000\040\000S\036\336\000\040\000D\036\356\000\040\000L\000I\036\306\000U\000\040\000C\000H\000I\000\040\000T\000I\036\276\000T}{}% 31
\BOOKMARK [2][-]{subsection.4.1}{\376\377\000T\036\325\000n\000g\000\040\000q\000u\000a\000n\000\040\000c\001\241\000\040\000s\036\337\000\040\000d\036\357\000\040\000l\000i\036\307\000u}{section.4}% 32
\BOOKMARK [2][-]{subsection.4.2}{\376\377\000D\000a\000t\000a\000b\000a\000s\000e\000:\000\040\000m\000a\000s\000t\000e\000r\000\137\000s\000p\000e\000c\000s\000\137\000d\000b\000\040\000-\000\040\000C\000h\000i\000\040\000t\000i\036\277\000t}{section.4}% 33
\BOOKMARK [3][-]{subsubsection.4.2.1}{\376\377\000B\036\243\000n\000g\000\040\000C\000P\000U\000\137\000S\000P\000E\000C\000S}{subsection.4.2}% 34
\BOOKMARK [3][-]{subsubsection.4.2.2}{\376\377\000B\036\243\000n\000g\000\040\000M\000O\000T\000H\000E\000R\000B\000O\000A\000R\000D\000\137\000S\000P\000E\000C\000S}{subsection.4.2}% 35
\BOOKMARK [3][-]{subsubsection.4.2.3}{\376\377\000C\000\341\000c\000\040\000b\036\243\000n\000g\000\040\000t\000h\000\364\000n\000g\000\040\000s\036\321\000\040\000k\000h\000\341\000c}{subsection.4.2}% 36
\BOOKMARK [2][-]{subsection.4.3}{\376\377\000D\000a\000t\000a\000b\000a\000s\000e\000:\000\040\000o\000r\000d\000e\000r\000s\000\137\000d\000b\000\040\000-\000\040\000H\036\307\000\040\000t\000h\036\321\000n\000g\000\040\000P\000O\000S}{section.4}% 37
\BOOKMARK [3][-]{subsubsection.4.3.1}{\376\377\000B\036\243\000n\000g\000\040\000C\000U\000S\000T\000O\000M\000E\000R\000S}{subsection.4.3}% 38
\BOOKMARK [3][-]{subsubsection.4.3.2}{\376\377\000B\036\243\000n\000g\000\040\000P\000O\000S\000\137\000T\000R\000A\000N\000S\000A\000C\000T\000I\000O\000N\000S}{subsection.4.3}% 39
\BOOKMARK [3][-]{subsubsection.4.3.3}{\376\377\000R\000e\000l\000a\000t\000i\000o\000n\000s\000h\000i\000p\000s\000\040\000v\000\340\000\040\000C\000o\000n\000s\000t\000r\000a\000i\000n\000t\000s}{subsection.4.3}% 40
\BOOKMARK [1][-]{section.5}{\376\377\000C\000H\036\350\000C\000\040\000N\001\002\000N\000G\000\040\000H\036\306\000\040\000T\000H\036\320\000N\000G\000\040\000C\000H\000I\000\040\000T\000I\036\276\000T}{}% 41
\BOOKMARK [2][-]{subsection.5.1}{\376\377\000C\000o\000m\000p\000o\000n\000e\000n\000t\000\040\000V\000i\000e\000w\000e\000r\000\040\000-\000\040\000H\036\307\000\040\000t\000h\036\321\000n\000g\000\040\000x\000e\000m\000\040\000l\000i\000n\000h\000\040\000k\000i\036\307\000n}{section.5}% 42
\BOOKMARK [3][-]{subsubsection.5.1.1}{\376\377\000D\000a\000s\000h\000b\000o\000a\000r\000d\000\040\000t\036\325\000n\000g\000\040\000q\000u\000a\000n}{subsection.5.1}% 43
\BOOKMARK [3][-]{subsubsection.5.1.2}{\376\377\000X\000e\000m\000\040\000d\000a\000n\000h\000\040\000s\000\341\000c\000h\000\040\000l\000i\000n\000h\000\040\000k\000i\036\307\000n}{subsection.5.1}% 44
\BOOKMARK [3][-]{subsubsection.5.1.3}{\376\377\000T\000\354\000m\000\040\000k\000i\036\277\000m\000\040\000v\000\340\000\040\000l\036\315\000c\000\040\000n\000\342\000n\000g\000\040\000c\000a\000o}{subsection.5.1}% 45
\BOOKMARK [3][-]{subsubsection.5.1.4}{\376\377\000X\000e\000m\000\040\000c\000h\000i\000\040\000t\000i\036\277\000t\000\040\000t\000h\000\364\000n\000g\000\040\000s\036\321}{subsection.5.1}% 46
\BOOKMARK [2][-]{subsection.5.2}{\376\377\000I\000n\000v\000e\000n\000t\000o\000r\000y\000\040\000M\000a\000n\000a\000g\000e\000m\000e\000n\000t\000\040\000-\000\040\000Q\000u\036\243\000n\000\040\000l\000\375\000\040\000k\000h\000o\000\040\000h\000\340\000n\000g\000\040\000n\000\342\000n\000g\000\040\000c\000a\000o}{section.5}% 47
\BOOKMARK [3][-]{subsubsection.5.2.1}{\376\377\000D\000a\000s\000h\000b\000o\000a\000r\000d\000\040\000i\000n\000v\000e\000n\000t\000o\000r\000y\000\040\000t\036\325\000n\000g\000\040\000q\000u\000a\000n}{subsection.5.2}% 48
\BOOKMARK [3][-]{subsubsection.5.2.2}{\376\377\000Q\000u\036\243\000n\000\040\000l\000\375\000\040\000k\000h\000o\000\040\000h\000\340\000n\000g\000\040\000c\000h\000i\000\040\000t\000i\036\277\000t}{subsection.5.2}% 49
\BOOKMARK [3][-]{subsubsection.5.2.3}{\376\377\000S\000t\000o\000c\000k\000\040\000T\000r\000a\000c\000k\000i\000n\000g\000\040\000v\000\340\000\040\000A\000l\000e\000r\000t\000s}{subsection.5.2}% 50
\BOOKMARK [3][-]{subsubsection.5.2.4}{\376\377\000A\000d\000v\000a\000n\000c\000e\000d\000\040\000I\000n\000v\000e\000n\000t\000o\000r\000y\000\040\000F\000e\000a\000t\000u\000r\000e\000s}{subsection.5.2}% 51
\BOOKMARK [2][-]{subsection.5.3}{\376\377\000P\000o\000i\000n\000t\000\040\000o\000f\000\040\000S\000a\000l\000e\000\040\000\050\000P\000O\000S\000\051\000\040\000S\000y\000s\000t\000e\000m\000\040\000-\000\040\000H\036\307\000\040\000t\000h\036\321\000n\000g\000\040\000b\000\341\000n\000\040\000h\000\340\000n\000g\000\040\000t\000\355\000c\000h\000\040\000h\036\343\000p}{section.5}% 52
\BOOKMARK [3][-]{subsubsection.5.3.1}{\376\377\000P\000O\000S\000\040\000I\000n\000t\000e\000r\000f\000a\000c\000e\000\040\000A\000r\000c\000h\000i\000t\000e\000c\000t\000u\000r\000e}{subsection.5.3}% 53
\BOOKMARK [3][-]{subsubsection.5.3.2}{\376\377\000S\000a\000l\000e\000s\000\040\000I\000n\000t\000e\000r\000f\000a\000c\000e\000\040\000F\000e\000a\000t\000u\000r\000e\000s}{subsection.5.3}% 54
\BOOKMARK [3][-]{subsubsection.5.3.3}{\376\377\000C\000u\000s\000t\000o\000m\000e\000r\000\040\000M\000a\000n\000a\000g\000e\000m\000e\000n\000t\000\040\000I\000n\000t\000e\000g\000r\000a\000t\000i\000o\000n}{subsection.5.3}% 55
\BOOKMARK [3][-]{subsubsection.5.3.4}{\376\377\000P\000a\000y\000m\000e\000n\000t\000\040\000P\000r\000o\000c\000e\000s\000s\000i\000n\000g\000\040\000S\000y\000s\000t\000e\000m}{subsection.5.3}% 56
\BOOKMARK [3][-]{subsubsection.5.3.5}{\376\377\000I\000n\000v\000o\000i\000c\000e\000\040\000\046\000\040\000R\000e\000c\000e\000i\000p\000t\000\040\000S\000y\000s\000t\000e\000m}{subsection.5.3}% 57
\BOOKMARK [3][-]{subsubsection.5.3.6}{\376\377\000T\000r\000a\000d\000e\000-\000i\000n\000\040\000M\000a\000n\000a\000g\000e\000m\000e\000n\000t}{subsection.5.3}% 58
\BOOKMARK [3][-]{subsubsection.5.3.7}{\376\377\000R\000e\000p\000a\000i\000r\000\040\000S\000e\000r\000v\000i\000c\000e\000s}{subsection.5.3}% 59
\BOOKMARK [3][-]{subsubsection.5.3.8}{\376\377\000U\000s\000e\000d\000\040\000I\000n\000v\000e\000n\000t\000o\000r\000y\000\040\000M\000a\000n\000a\000g\000e\000m\000e\000n\000t}{subsection.5.3}% 60
\BOOKMARK [1][-]{section.6}{\376\377\000H\036\306\000\040\000T\000H\036\320\000N\000G\000\040\000B\000A\000C\000K\000U\000P\000\040\000V\000\300\000\040\000R\000E\000S\000T\000O\000R\000E\000\040\000N\000\302\000N\000G\000\040\000C\000A\000O}{}% 61
\BOOKMARK [2][-]{subsection.6.1}{\376\377\000K\000i\036\277\000n\000\040\000t\000r\000\372\000c\000\040\000B\000a\000c\000k\000u\000p\000\040\000S\000y\000s\000t\000e\000m}{section.6}% 62
\BOOKMARK [3][-]{subsubsection.6.1.1}{\376\377\000B\000a\000c\000k\000u\000p\000\040\000S\000t\000r\000a\000t\000e\000g\000y}{subsection.6.1}% 63
\BOOKMARK [2][-]{subsection.6.2}{\376\377\000D\000a\000t\000a\000b\000a\000s\000e\000\040\000B\000a\000c\000k\000u\000p\000\040\000S\000c\000r\000i\000p\000t\000s\000\040\000-\000\040\000C\000h\000i\000\040\000t\000i\036\277\000t\000\040\000k\036\371\000\040\000t\000h\000u\036\255\000t}{section.6}% 64
\BOOKMARK [3][-]{subsubsection.6.2.1}{\376\377\000d\000u\000m\000p\000\137\000d\000a\000t\000a\000b\000a\000s\000e\000s\000.\000s\000h\000\040\000-\000\040\000M\000a\000i\000n\000\040\000B\000a\000c\000k\000u\000p\000\040\000S\000c\000r\000i\000p\000t}{subsection.6.2}% 65
\BOOKMARK [3][-]{subsubsection.6.2.2}{\376\377\000r\000e\000s\000t\000o\000r\000e\000\137\000d\000a\000t\000a\000b\000a\000s\000e\000s\000.\000s\000h\000\040\000-\000\040\000I\000n\000t\000e\000l\000l\000i\000g\000e\000n\000t\000\040\000R\000e\000s\000t\000o\000r\000e}{subsection.6.2}% 66
\BOOKMARK [3][-]{subsubsection.6.2.3}{\376\377\000d\000b\000\137\000m\000a\000n\000a\000g\000e\000r\000.\000s\000h\000\040\000-\000\040\000I\000n\000t\000e\000r\000a\000c\000t\000i\000v\000e\000\040\000M\000a\000n\000a\000g\000e\000m\000e\000n\000t\000\040\000T\000o\000o\000l}{subsection.6.2}% 67
\BOOKMARK [2][-]{subsection.6.3}{\376\377\000B\000a\000c\000k\000u\000p\000\040\000S\000e\000c\000u\000r\000i\000t\000y\000\040\000\046\000\040\000C\000o\000m\000p\000l\000i\000a\000n\000c\000e}{section.6}% 68
\BOOKMARK [3][-]{subsubsection.6.3.1}{\376\377\000S\000e\000c\000u\000r\000i\000t\000y\000\040\000M\000e\000a\000s\000u\000r\000e\000s}{subsection.6.3}% 69
\BOOKMARK [3][-]{subsubsection.6.3.2}{\376\377\000D\000i\000s\000a\000s\000t\000e\000r\000\040\000R\000e\000c\000o\000v\000e\000r\000y\000\040\000P\000l\000a\000n}{subsection.6.3}% 70
\BOOKMARK [1][-]{section.7}{\376\377\000A\000P\000I\000\040\000E\000N\000D\000P\000O\000I\000N\000T\000S\000\040\000V\000\300\000\040\000I\000N\000T\000E\000G\000R\000A\000T\000I\000O\000N}{}% 71
\BOOKMARK [2][-]{subsection.7.1}{\376\377\000R\000E\000S\000T\000f\000u\000l\000\040\000A\000P\000I\000\040\000A\000r\000c\000h\000i\000t\000e\000c\000t\000u\000r\000e}{section.7}% 72
\BOOKMARK [3][-]{subsubsection.7.1.1}{\376\377\000A\000P\000I\000\040\000R\000e\000s\000p\000o\000n\000s\000e\000\040\000F\000o\000r\000m\000a\000t}{subsection.7.1}% 73
\BOOKMARK [2][-]{subsection.7.2}{\376\377\000C\000o\000m\000p\000o\000n\000e\000n\000t\000\040\000M\000a\000n\000a\000g\000e\000m\000e\000n\000t\000\040\000A\000P\000I\000s}{section.7}% 74
\BOOKMARK [3][-]{subsubsection.7.2.1}{\376\377\000C\000o\000m\000p\000o\000n\000e\000n\000t\000\040\000C\000R\000U\000D\000\040\000O\000p\000e\000r\000a\000t\000i\000o\000n\000s}{subsection.7.2}% 75
\BOOKMARK [3][-]{subsubsection.7.2.2}{\376\377\000A\000d\000v\000a\000n\000c\000e\000d\000\040\000S\000e\000a\000r\000c\000h\000\040\000A\000P\000I}{subsection.7.2}% 76
\BOOKMARK [2][-]{subsection.7.3}{\376\377\000P\000O\000S\000\040\000S\000y\000s\000t\000e\000m\000\040\000A\000P\000I\000s}{section.7}% 77
\BOOKMARK [3][-]{subsubsection.7.3.1}{\376\377\000T\000r\000a\000n\000s\000a\000c\000t\000i\000o\000n\000\040\000P\000r\000o\000c\000e\000s\000s\000i\000n\000g\000\040\000A\000P\000I\000s}{subsection.7.3}% 78
\BOOKMARK [3][-]{subsubsection.7.3.2}{\376\377\000C\000o\000m\000p\000l\000e\000t\000e\000\040\000T\000r\000a\000n\000s\000a\000c\000t\000i\000o\000n\000\040\000P\000r\000o\000c\000e\000s\000s\000i\000n\000g}{subsection.7.3}% 79
\BOOKMARK [2][-]{subsection.7.4}{\376\377\000I\000n\000v\000e\000n\000t\000o\000r\000y\000\040\000M\000a\000n\000a\000g\000e\000m\000e\000n\000t\000\040\000A\000P\000I\000s}{section.7}% 80
\BOOKMARK [3][-]{subsubsection.7.4.1}{\376\377\000I\000n\000v\000e\000n\000t\000o\000r\000y\000\040\000O\000p\000e\000r\000a\000t\000i\000o\000n\000s}{subsection.7.4}% 81
\BOOKMARK [2][-]{subsection.7.5}{\376\377\000T\000r\000a\000d\000e\000-\000i\000n\000\040\000v\000\340\000\040\000R\000e\000p\000a\000i\000r\000\040\000A\000P\000I\000s}{section.7}% 82
\BOOKMARK [3][-]{subsubsection.7.5.1}{\376\377\000T\000r\000a\000d\000e\000-\000i\000n\000\040\000M\000a\000n\000a\000g\000e\000m\000e\000n\000t}{subsection.7.5}% 83
\BOOKMARK [3][-]{subsubsection.7.5.2}{\376\377\000R\000e\000p\000a\000i\000r\000\040\000S\000e\000r\000v\000i\000c\000e\000\040\000A\000P\000I\000s}{subsection.7.5}% 84
\BOOKMARK [2][-]{subsection.7.6}{\376\377\000A\000P\000I\000\040\000S\000e\000c\000u\000r\000i\000t\000y\000\040\000\046\000\040\000A\000u\000t\000h\000e\000n\000t\000i\000c\000a\000t\000i\000o\000n}{section.7}% 85
\BOOKMARK [3][-]{subsubsection.7.6.1}{\376\377\000A\000u\000t\000h\000e\000n\000t\000i\000c\000a\000t\000i\000o\000n\000\040\000S\000t\000r\000a\000t\000e\000g\000y}{subsection.7.6}% 86
\BOOKMARK [3][-]{subsubsection.7.6.2}{\376\377\000I\000n\000p\000u\000t\000\040\000V\000a\000l\000i\000d\000a\000t\000i\000o\000n\000\040\000\046\000\040\000S\000a\000n\000i\000t\000i\000z\000a\000t\000i\000o\000n}{subsection.7.6}% 87
\BOOKMARK [1][-]{section.8}{\376\377\000G\000I\000A\000O\000\040\000D\000I\036\306\000N\000\040\000N\000G\001\257\036\334\000I\000\040\000D\000\331\000N\000G}{}% 88
\BOOKMARK [2][-]{subsection.8.1}{\376\377\000R\000e\000s\000p\000o\000n\000s\000i\000v\000e\000\040\000D\000e\000s\000i\000g\000n}{section.8}% 89
\BOOKMARK [2][-]{subsection.8.2}{\376\377\000C\000o\000l\000o\000r\000\040\000S\000c\000h\000e\000m\000e\000\040\000v\000\340\000\040\000I\000c\000o\000n\000s}{section.8}% 90
\BOOKMARK [2][-]{subsection.8.3}{\376\377\000U\000s\000e\000r\000\040\000E\000x\000p\000e\000r\000i\000e\000n\000c\000e\000\040\000F\000e\000a\000t\000u\000r\000e\000s}{section.8}% 91
\BOOKMARK [1][-]{section.9}{\376\377\000B\036\242\000O\000\040\000M\036\254\000T\000\040\000V\000\300\000\040\000H\000I\036\306\000U\000\040\000S\000U\036\244\000T}{}% 92
\BOOKMARK [2][-]{subsection.9.1}{\376\377\000D\000a\000t\000a\000b\000a\000s\000e\000\040\000S\000e\000c\000u\000r\000i\000t\000y}{section.9}% 93
\BOOKMARK [2][-]{subsection.9.2}{\376\377\000P\000e\000r\000f\000o\000r\000m\000a\000n\000c\000e\000\040\000O\000p\000t\000i\000m\000i\000z\000a\000t\000i\000o\000n}{section.9}% 94
\BOOKMARK [2][-]{subsection.9.3}{\376\377\000E\000r\000r\000o\000r\000\040\000H\000a\000n\000d\000l\000i\000n\000g}{section.9}% 95
\BOOKMARK [1][-]{section.10}{\376\377\000D\000E\000P\000L\000O\000Y\000M\000E\000N\000T\000\040\000V\000\300\000\040\000O\000P\000E\000R\000A\000T\000I\000O\000N\000S}{}% 96
\BOOKMARK [2][-]{subsection.10.1}{\376\377\000I\000n\000s\000t\000a\000l\000l\000a\000t\000i\000o\000n\000\040\000R\000e\000q\000u\000i\000r\000e\000m\000e\000n\000t\000s}{section.10}% 97
\BOOKMARK [2][-]{subsection.10.2}{\376\377\000E\000n\000v\000i\000r\000o\000n\000m\000e\000n\000t\000\040\000S\000e\000t\000u\000p}{section.10}% 98
\BOOKMARK [2][-]{subsection.10.3}{\376\377\000P\000r\000o\000d\000u\000c\000t\000i\000o\000n\000\040\000D\000e\000p\000l\000o\000y\000m\000e\000n\000t}{section.10}% 99
\BOOKMARK [1][-]{section.11}{\376\377\000T\000E\000S\000T\000I\000N\000G\000\040\000V\000\300\000\040\000Q\000U\000A\000L\000I\000T\000Y\000\040\000A\000S\000S\000U\000R\000A\000N\000C\000E\000\040\000T\000O\000\300\000N\000\040\000D\000I\036\306\000N}{}% 100
\BOOKMARK [2][-]{subsection.11.1}{\376\377\000T\000e\000s\000t\000i\000n\000g\000\040\000S\000t\000r\000a\000t\000e\000g\000y\000\040\000\046\000\040\000M\000e\000t\000h\000o\000d\000o\000l\000o\000g\000y}{section.11}% 101
\BOOKMARK [3][-]{subsubsection.11.1.1}{\376\377\000M\000u\000l\000t\000i\000-\000t\000i\000e\000r\000\040\000T\000e\000s\000t\000i\000n\000g\000\040\000A\000p\000p\000r\000o\000a\000c\000h}{subsection.11.1}% 102
\BOOKMARK [3][-]{subsubsection.11.1.2}{\376\377\000D\000a\000t\000a\000b\000a\000s\000e\000\040\000T\000e\000s\000t\000i\000n\000g\000\040\000S\000t\000r\000a\000t\000e\000g\000y}{subsection.11.1}% 103
\BOOKMARK [2][-]{subsection.11.2}{\376\377\000P\000O\000S\000\040\000S\000y\000s\000t\000e\000m\000\040\000T\000e\000s\000t\000i\000n\000g}{section.11}% 104
\BOOKMARK [3][-]{subsubsection.11.2.1}{\376\377\000T\000r\000a\000n\000s\000a\000c\000t\000i\000o\000n\000\040\000F\000l\000o\000w\000\040\000T\000e\000s\000t\000i\000n\000g}{subsection.11.2}% 105
\BOOKMARK [3][-]{subsubsection.11.2.2}{\376\377\000P\000O\000S\000\040\000I\000n\000t\000e\000g\000r\000a\000t\000i\000o\000n\000\040\000T\000e\000s\000t\000i\000n\000g}{subsection.11.2}% 106
\BOOKMARK [2][-]{subsection.11.3}{\376\377\000F\000r\000o\000n\000t\000e\000n\000d\000\040\000T\000e\000s\000t\000i\000n\000g}{section.11}% 107
\BOOKMARK [3][-]{subsubsection.11.3.1}{\376\377\000U\000I\000/\000U\000X\000\040\000T\000e\000s\000t\000i\000n\000g}{subsection.11.3}% 108
\BOOKMARK [3][-]{subsubsection.11.3.2}{\376\377\000J\000a\000v\000a\000S\000c\000r\000i\000p\000t\000\040\000T\000e\000s\000t\000i\000n\000g}{subsection.11.3}% 109
\BOOKMARK [2][-]{subsection.11.4}{\376\377\000B\000a\000c\000k\000u\000p\000\040\000S\000y\000s\000t\000e\000m\000\040\000T\000e\000s\000t\000i\000n\000g}{section.11}% 110
\BOOKMARK [3][-]{subsubsection.11.4.1}{\376\377\000B\000a\000c\000k\000u\000p\000\040\000I\000n\000t\000e\000g\000r\000i\000t\000y\000\040\000T\000e\000s\000t\000i\000n\000g}{subsection.11.4}% 111
\BOOKMARK [2][-]{subsection.11.5}{\376\377\000P\000e\000r\000f\000o\000r\000m\000a\000n\000c\000e\000\040\000T\000e\000s\000t\000i\000n\000g}{section.11}% 112
\BOOKMARK [3][-]{subsubsection.11.5.1}{\376\377\000L\000o\000a\000d\000\040\000T\000e\000s\000t\000i\000n\000g\000\040\000R\000e\000s\000u\000l\000t\000s}{subsection.11.5}% 113
\BOOKMARK [3][-]{subsubsection.11.5.2}{\376\377\000S\000t\000r\000e\000s\000s\000\040\000T\000e\000s\000t\000i\000n\000g}{subsection.11.5}% 114
\BOOKMARK [2][-]{subsection.11.6}{\376\377\000S\000e\000c\000u\000r\000i\000t\000y\000\040\000T\000e\000s\000t\000i\000n\000g}{section.11}% 115
\BOOKMARK [3][-]{subsubsection.11.6.1}{\376\377\000V\000u\000l\000n\000e\000r\000a\000b\000i\000l\000i\000t\000y\000\040\000A\000s\000s\000e\000s\000s\000m\000e\000n\000t}{subsection.11.6}% 116
\BOOKMARK [1][-]{section.12}{\376\377\000K\036\276\000T\000\040\000Q\000U\036\242\000\040\001\020\036\240\000T\000\040\001\020\001\257\036\342\000C}{}% 117
\BOOKMARK [2][-]{subsection.12.1}{\376\377\000F\000u\000n\000c\000t\000i\000o\000n\000a\000l\000\040\000A\000c\000h\000i\000e\000v\000e\000m\000e\000n\000t\000s}{section.12}% 118
\BOOKMARK [2][-]{subsection.12.2}{\376\377\000T\000e\000c\000h\000n\000i\000c\000a\000l\000\040\000A\000c\000h\000i\000e\000v\000e\000m\000e\000n\000t\000s}{section.12}% 119
\BOOKMARK [2][-]{subsection.12.3}{\376\377\000P\000e\000r\000f\000o\000r\000m\000a\000n\000c\000e\000\040\000M\000e\000t\000r\000i\000c\000s}{section.12}% 120
\BOOKMARK [1][-]{section.13}{\376\377\000H\001\257\036\332\000N\000G\000\040\000P\000H\000\301\000T\000\040\000T\000R\000I\036\302\000N\000\040\000T\001\257\001\240\000N\000G\000\040\000L\000A\000I}{}% 121
\BOOKMARK [2][-]{subsection.13.1}{\376\377\000S\000h\000o\000r\000t\000-\000t\000e\000r\000m\000\040\000I\000m\000p\000r\000o\000v\000e\000m\000e\000n\000t\000s}{section.13}% 122
\BOOKMARK [2][-]{subsection.13.2}{\376\377\000L\000o\000n\000g\000-\000t\000e\000r\000m\000\040\000V\000i\000s\000i\000o\000n}{section.13}% 123
\BOOKMARK [2][-]{subsection.13.3}{\376\377\000S\000c\000a\000l\000a\000b\000i\000l\000i\000t\000y\000\040\000C\000o\000n\000s\000i\000d\000e\000r\000a\000t\000i\000o\000n\000s}{section.13}% 124
\BOOKMARK [1][-]{section.14}{\376\377\000K\036\276\000T\000\040\000L\000U\036\254\000N\000\040\000V\000\300\000\040\001\020\000\301\000N\000H\000\040\000G\000I\000\301\000\040\000T\036\324\000N\000G\000\040\000Q\000U\000A\000N}{}% 125
\BOOKMARK [2][-]{subsection.14.1}{\376\377\000T\036\325\000n\000g\000\040\000k\036\277\000t\000\040\000d\036\361\000\040\000\341\000n}{section.14}% 126
\BOOKMARK [3][-]{subsubsection.14.1.1}{\376\377\000M\036\351\000c\000\040\001\021\036\331\000\040\000h\000o\000\340\000n\000\040\000t\000h\000\340\000n\000h\000\040\000c\000\341\000c\000\040\000m\036\345\000c\000\040\000t\000i\000\352\000u}{subsection.14.1}% 127
\BOOKMARK [2][-]{subsection.14.2}{\376\377\001\020\000i\036\303\000m\000\040\000m\036\241\000n\000h\000\040\000c\036\347\000a\000\040\000h\036\307\000\040\000t\000h\036\321\000n\000g}{section.14}% 128
\BOOKMARK [3][-]{subsubsection.14.2.1}{\376\377\000A\000r\000c\000h\000i\000t\000e\000c\000t\000u\000r\000a\000l\000\040\000S\000t\000r\000e\000n\000g\000t\000h\000s}{subsection.14.2}% 129
\BOOKMARK [3][-]{subsubsection.14.2.2}{\376\377\000B\000u\000s\000i\000n\000e\000s\000s\000\040\000V\000a\000l\000u\000e}{subsection.14.2}% 130
\BOOKMARK [3][-]{subsubsection.14.2.3}{\376\377\000T\000e\000c\000h\000n\000i\000c\000a\000l\000\040\000E\000x\000c\000e\000l\000l\000e\000n\000c\000e}{subsection.14.2}% 131
\BOOKMARK [2][-]{subsection.14.3}{\376\377\000L\000e\000s\000s\000o\000n\000s\000\040\000L\000e\000a\000r\000n\000e\000d}{section.14}% 132
\BOOKMARK [3][-]{subsubsection.14.3.1}{\376\377\000T\000e\000c\000h\000n\000i\000c\000a\000l\000\040\000I\000n\000s\000i\000g\000h\000t\000s}{subsection.14.3}% 133
\BOOKMARK [3][-]{subsubsection.14.3.2}{\376\377\000P\000r\000o\000j\000e\000c\000t\000\040\000M\000a\000n\000a\000g\000e\000m\000e\000n\000t}{subsection.14.3}% 134
\BOOKMARK [2][-]{subsection.14.4}{\376\377\000H\001\260\036\333\000n\000g\000\040\000p\000h\000\341\000t\000\040\000t\000r\000i\036\303\000n\000\040\000t\001\260\001\241\000n\000g\000\040\000l\000a\000i}{section.14}% 135
\BOOKMARK [3][-]{subsubsection.14.4.1}{\376\377\000S\000h\000o\000r\000t\000-\000t\000e\000r\000m\000\040\000E\000n\000h\000a\000n\000c\000e\000m\000e\000n\000t\000s\000\040\000\050\0003\000-\0006\000\040\000m\000o\000n\000t\000h\000s\000\051}{subsection.14.4}% 136
\BOOKMARK [3][-]{subsubsection.14.4.2}{\376\377\000L\000o\000n\000g\000-\000t\000e\000r\000m\000\040\000V\000i\000s\000i\000o\000n\000\040\000\050\0006\000-\0001\0008\000\040\000m\000o\000n\000t\000h\000s\000\051}{subsection.14.4}% 137
\BOOKMARK [2][-]{subsection.14.5}{\376\377\000S\000c\000a\000l\000a\000b\000i\000l\000i\000t\000y\000\040\000R\000o\000a\000d\000m\000a\000p}{section.14}% 138
\BOOKMARK [3][-]{subsubsection.14.5.1}{\376\377\000P\000e\000r\000f\000o\000r\000m\000a\000n\000c\000e\000\040\000S\000c\000a\000l\000i\000n\000g}{subsection.14.5}% 139
\BOOKMARK [2][-]{subsection.14.6}{\376\377\000I\000m\000p\000a\000c\000t\000\040\000A\000s\000s\000e\000s\000s\000m\000e\000n\000t}{section.14}% 140
\BOOKMARK [3][-]{subsubsection.14.6.1}{\376\377\000Q\000u\000a\000n\000t\000i\000t\000a\000t\000i\000v\000e\000\040\000I\000m\000p\000a\000c\000t}{subsection.14.6}% 141
\BOOKMARK [3][-]{subsubsection.14.6.2}{\376\377\000Q\000u\000a\000l\000i\000t\000a\000t\000i\000v\000e\000\040\000B\000e\000n\000e\000f\000i\000t\000s}{subsection.14.6}% 142
\BOOKMARK [2][-]{subsection.14.7}{\376\377\000A\000c\000k\000n\000o\000w\000l\000e\000d\000g\000m\000e\000n\000t\000s}{section.14}% 143
\BOOKMARK [1][-]{section.15}{\376\377\000P\000H\036\344\000\040\000L\036\344\000C}{}% 144
\BOOKMARK [2][-]{subsection.15.1}{\376\377\000H\001\260\036\333\000n\000g\000\040\000d\036\253\000n\000\040\000t\036\241\000o\000\040\000d\000i\000a\000g\000r\000a\000m\000s}{section.15}% 145
\BOOKMARK [3][-]{subsubsection.15.1.1}{\376\377\000U\000s\000e\000\040\000C\000a\000s\000e\000\040\000D\000i\000a\000g\000r\000a\000m}{subsection.15.1}% 146
\BOOKMARK [3][-]{subsubsection.15.1.2}{\376\377\000E\000n\000t\000i\000t\000y\000\040\000R\000e\000l\000a\000t\000i\000o\000n\000s\000h\000i\000p\000\040\000D\000i\000a\000g\000r\000a\000m}{subsection.15.1}% 147
\BOOKMARK [2][-]{subsection.15.2}{\376\377\000D\000a\000t\000a\000b\000a\000s\000e\000\040\000S\000c\000h\000e\000m\000a\000\040\000R\000e\000f\000e\000r\000e\000n\000c\000e}{section.15}% 148
